{"level":"info","message":"Listening on port 3900...","timestamp":"2022-10-19T10:40:52.228Z"}
{"level":"info","message":"Connected to mongodb://127.0.0.1...","timestamp":"2022-10-19T10:40:52.240Z"}
{"level":"info","message":"Listening on port 3900...","timestamp":"2022-10-19T10:41:56.350Z"}
{"level":"info","message":"Connected to mongodb://127.0.0.1...","timestamp":"2022-10-19T10:41:56.363Z"}
{"level":"info","message":"Listening on port 3900...","timestamp":"2022-10-19T10:57:28.995Z"}
{"level":"info","message":"Connected to mongodb://127.0.0.1...","timestamp":"2022-10-19T10:57:29.008Z"}
{"level":"info","message":"Listening on port 3900...","timestamp":"2022-10-19T11:10:24.109Z"}
{"level":"info","message":"Connected to mongodb://127.0.0.1...","timestamp":"2022-10-19T11:10:24.124Z"}
{"level":"info","message":"Listening on port 3900...","timestamp":"2022-10-19T11:10:33.279Z"}
{"level":"info","message":"Connected to mongodb://127.0.0.1...","timestamp":"2022-10-19T11:10:33.291Z"}
{"level":"info","message":"Listening on port 3900...","timestamp":"2022-10-19T11:10:35.958Z"}
{"level":"info","message":"Connected to mongodb://127.0.0.1...","timestamp":"2022-10-19T11:10:35.971Z"}
{"level":"info","message":"Listening on port 3900...","timestamp":"2022-10-19T11:10:41.905Z"}
{"level":"info","message":"Connected to mongodb://127.0.0.1...","timestamp":"2022-10-19T11:10:41.919Z"}
{"level":"info","message":"Listening on port 3900...","timestamp":"2022-10-19T11:11:19.497Z"}
{"level":"info","message":"Connected to mongodb://127.0.0.1...","timestamp":"2022-10-19T11:11:19.510Z"}
{"level":"info","message":"Listening on port 3900...","timestamp":"2022-10-19T11:11:41.959Z"}
{"level":"info","message":"Connected to mongodb://127.0.0.1...","timestamp":"2022-10-19T11:11:41.972Z"}
{"message":"Cannot set headers after they are sent to the client","stack":"Error [ERR_HTTP_HEADERS_SENT]: Cannot set headers after they are sent to the client\n    at new NodeError (node:internal/errors:393:5)\n    at ServerResponse.setHeader (node:_http_outgoing:644:11)\n    at ServerResponse.header (/Users/alex/Documents/Обучение/Програмни/Курсове/CodeWithMosh/ReactJS/final project/vidly-api-node/node_modules/express/lib/response.js:794:10)\n    at /Users/alex/Documents/Обучение/Програмни/Курсове/CodeWithMosh/ReactJS/final project/vidly-api-node/routes/users.js:29:6","code":"ERR_HTTP_HEADERS_SENT","level":"error","timestamp":"2022-10-19T11:11:44.787Z"}
{"level":"info","message":"Listening on port 3900...","timestamp":"2022-10-19T11:12:03.393Z"}
{"level":"info","message":"Connected to mongodb://127.0.0.1...","timestamp":"2022-10-19T11:12:03.406Z"}
{"level":"info","message":"Listening on port 3900...","timestamp":"2022-10-19T11:12:30.609Z"}
{"level":"info","message":"Connected to mongodb://127.0.0.1...","timestamp":"2022-10-19T11:12:30.621Z"}
{"message":"E11000 duplicate key error collection: test.users index: email_1 dup key: { : \"swayer@abv.bg\" }","stack":"MongoError: E11000 duplicate key error collection: test.users index: email_1 dup key: { : \"swayer@abv.bg\" }\n    at MongoError.create (/Users/alex/Documents/Обучение/Програмни/Курсове/CodeWithMosh/ReactJS/final project/vidly-api-node/node_modules/mongodb/lib/core/error.js:59:12)\n    at toError (/Users/alex/Documents/Обучение/Програмни/Курсове/CodeWithMosh/ReactJS/final project/vidly-api-node/node_modules/mongodb/lib/utils.js:130:22)\n    at /Users/alex/Documents/Обучение/Програмни/Курсове/CodeWithMosh/ReactJS/final project/vidly-api-node/node_modules/mongodb/lib/operations/common_functions.js:258:39\n    at handler (/Users/alex/Documents/Обучение/Програмни/Курсове/CodeWithMosh/ReactJS/final project/vidly-api-node/node_modules/mongodb/lib/core/sdam/topology.js:961:24)\n    at /Users/alex/Documents/Обучение/Програмни/Курсове/CodeWithMosh/ReactJS/final project/vidly-api-node/node_modules/mongodb/lib/cmap/connection_pool.js:352:13\n    at handleOperationResult (/Users/alex/Documents/Обучение/Програмни/Курсове/CodeWithMosh/ReactJS/final project/vidly-api-node/node_modules/mongodb/lib/core/sdam/server.js:567:5)\n    at MessageStream.messageHandler (/Users/alex/Documents/Обучение/Програмни/Курсове/CodeWithMosh/ReactJS/final project/vidly-api-node/node_modules/mongodb/lib/cmap/connection.js:308:5)\n    at MessageStream.emit (node:events:513:28)\n    at processIncomingData (/Users/alex/Documents/Обучение/Програмни/Курсове/CodeWithMosh/ReactJS/final project/vidly-api-node/node_modules/mongodb/lib/cmap/message_stream.js:144:12)\n    at MessageStream._write (/Users/alex/Documents/Обучение/Програмни/Курсове/CodeWithMosh/ReactJS/final project/vidly-api-node/node_modules/mongodb/lib/cmap/message_stream.js:42:5)\n    at writeOrBuffer (node:internal/streams/writable:392:12)\n    at _write (node:internal/streams/writable:333:10)\n    at Writable.write (node:internal/streams/writable:337:10)\n    at Socket.ondata (node:internal/streams/readable:766:22)\n    at Socket.emit (node:events:513:28)\n    at addChunk (node:internal/streams/readable:324:12)\n    at readableAddChunk (node:internal/streams/readable:297:9)\n    at Readable.push (node:internal/streams/readable:234:10)\n    at TCP.onStreamRead (node:internal/stream_base_commons:190:23)","driver":true,"name":"MongoError","index":0,"code":11000,"level":"error","timestamp":"2022-10-19T11:12:36.636Z"}
{"level":"info","message":"Listening on port 3900...","timestamp":"2022-10-19T11:12:40.718Z"}
{"level":"info","message":"Connected to mongodb://127.0.0.1...","timestamp":"2022-10-19T11:12:40.730Z"}
{"message":"E11000 duplicate key error collection: test.users index: email_1 dup key: { : \"swayer@abv.bg\" }","stack":"MongoError: E11000 duplicate key error collection: test.users index: email_1 dup key: { : \"swayer@abv.bg\" }\n    at MongoError.create (/Users/alex/Documents/Обучение/Програмни/Курсове/CodeWithMosh/ReactJS/final project/vidly-api-node/node_modules/mongodb/lib/core/error.js:59:12)\n    at toError (/Users/alex/Documents/Обучение/Програмни/Курсове/CodeWithMosh/ReactJS/final project/vidly-api-node/node_modules/mongodb/lib/utils.js:130:22)\n    at /Users/alex/Documents/Обучение/Програмни/Курсове/CodeWithMosh/ReactJS/final project/vidly-api-node/node_modules/mongodb/lib/operations/common_functions.js:258:39\n    at handler (/Users/alex/Documents/Обучение/Програмни/Курсове/CodeWithMosh/ReactJS/final project/vidly-api-node/node_modules/mongodb/lib/core/sdam/topology.js:961:24)\n    at /Users/alex/Documents/Обучение/Програмни/Курсове/CodeWithMosh/ReactJS/final project/vidly-api-node/node_modules/mongodb/lib/cmap/connection_pool.js:352:13\n    at handleOperationResult (/Users/alex/Documents/Обучение/Програмни/Курсове/CodeWithMosh/ReactJS/final project/vidly-api-node/node_modules/mongodb/lib/core/sdam/server.js:567:5)\n    at MessageStream.messageHandler (/Users/alex/Documents/Обучение/Програмни/Курсове/CodeWithMosh/ReactJS/final project/vidly-api-node/node_modules/mongodb/lib/cmap/connection.js:308:5)\n    at MessageStream.emit (node:events:513:28)\n    at processIncomingData (/Users/alex/Documents/Обучение/Програмни/Курсове/CodeWithMosh/ReactJS/final project/vidly-api-node/node_modules/mongodb/lib/cmap/message_stream.js:144:12)\n    at MessageStream._write (/Users/alex/Documents/Обучение/Програмни/Курсове/CodeWithMosh/ReactJS/final project/vidly-api-node/node_modules/mongodb/lib/cmap/message_stream.js:42:5)\n    at writeOrBuffer (node:internal/streams/writable:392:12)\n    at _write (node:internal/streams/writable:333:10)\n    at Writable.write (node:internal/streams/writable:337:10)\n    at Socket.ondata (node:internal/streams/readable:766:22)\n    at Socket.emit (node:events:513:28)\n    at addChunk (node:internal/streams/readable:324:12)\n    at readableAddChunk (node:internal/streams/readable:297:9)\n    at Readable.push (node:internal/streams/readable:234:10)\n    at TCP.onStreamRead (node:internal/stream_base_commons:190:23)","driver":true,"name":"MongoError","index":0,"code":11000,"level":"error","timestamp":"2022-10-19T11:12:42.600Z"}
{"level":"info","message":"Listening on port 3900...","timestamp":"2022-10-19T11:12:59.512Z"}
{"level":"info","message":"Connected to mongodb://127.0.0.1...","timestamp":"2022-10-19T11:12:59.524Z"}
{"message":"Cannot set headers after they are sent to the client","stack":"Error [ERR_HTTP_HEADERS_SENT]: Cannot set headers after they are sent to the client\n    at new NodeError (node:internal/errors:393:5)\n    at ServerResponse.setHeader (node:_http_outgoing:644:11)\n    at ServerResponse.header (/Users/alex/Documents/Обучение/Програмни/Курсове/CodeWithMosh/ReactJS/final project/vidly-api-node/node_modules/express/lib/response.js:794:10)\n    at /Users/alex/Documents/Обучение/Програмни/Курсове/CodeWithMosh/ReactJS/final project/vidly-api-node/routes/users.js:29:6","code":"ERR_HTTP_HEADERS_SENT","level":"error","timestamp":"2022-10-19T11:13:02.294Z"}
{"level":"info","message":"Listening on port 3900...","timestamp":"2022-10-19T11:13:26.172Z"}
{"level":"info","message":"Connected to mongodb://127.0.0.1...","timestamp":"2022-10-19T11:13:26.185Z"}
{"message":"Cannot set headers after they are sent to the client","stack":"Error [ERR_HTTP_HEADERS_SENT]: Cannot set headers after they are sent to the client\n    at new NodeError (node:internal/errors:393:5)\n    at ServerResponse.setHeader (node:_http_outgoing:644:11)\n    at ServerResponse.header (/Users/alex/Documents/Обучение/Програмни/Курсове/CodeWithMosh/ReactJS/final project/vidly-api-node/node_modules/express/lib/response.js:794:10)\n    at /Users/alex/Documents/Обучение/Програмни/Курсове/CodeWithMosh/ReactJS/final project/vidly-api-node/routes/users.js:29:6","code":"ERR_HTTP_HEADERS_SENT","level":"error","timestamp":"2022-10-19T11:14:08.656Z"}
{"level":"info","message":"Listening on port 3900...","timestamp":"2022-10-19T11:14:44.427Z"}
{"level":"info","message":"Connected to mongodb://127.0.0.1...","timestamp":"2022-10-19T11:14:44.439Z"}
{"message":"Cannot set headers after they are sent to the client","stack":"Error [ERR_HTTP_HEADERS_SENT]: Cannot set headers after they are sent to the client\n    at new NodeError (node:internal/errors:393:5)\n    at ServerResponse.setHeader (node:_http_outgoing:644:11)\n    at ServerResponse.header (/Users/alex/Documents/Обучение/Програмни/Курсове/CodeWithMosh/ReactJS/final project/vidly-api-node/node_modules/express/lib/response.js:794:10)\n    at /Users/alex/Documents/Обучение/Програмни/Курсове/CodeWithMosh/ReactJS/final project/vidly-api-node/routes/users.js:29:6","code":"ERR_HTTP_HEADERS_SENT","level":"error","timestamp":"2022-10-19T11:14:51.670Z"}
{"level":"info","message":"Listening on port 3900...","timestamp":"2022-10-19T11:15:25.888Z"}
{"level":"info","message":"Connected to mongodb://127.0.0.1...","timestamp":"2022-10-19T11:15:25.900Z"}
{"message":"Cannot set headers after they are sent to the client","stack":"Error [ERR_HTTP_HEADERS_SENT]: Cannot set headers after they are sent to the client\n    at new NodeError (node:internal/errors:393:5)\n    at ServerResponse.setHeader (node:_http_outgoing:644:11)\n    at ServerResponse.header (/Users/alex/Documents/Обучение/Програмни/Курсове/CodeWithMosh/ReactJS/final project/vidly-api-node/node_modules/express/lib/response.js:794:10)\n    at /Users/alex/Documents/Обучение/Програмни/Курсове/CodeWithMosh/ReactJS/final project/vidly-api-node/routes/users.js:29:6","code":"ERR_HTTP_HEADERS_SENT","level":"error","timestamp":"2022-10-19T11:15:31.391Z"}
{"level":"info","message":"Listening on port 3900...","timestamp":"2022-10-19T11:16:05.912Z"}
{"level":"info","message":"Connected to mongodb://127.0.0.1...","timestamp":"2022-10-19T11:16:05.925Z"}
{"level":"info","message":"Listening on port 3900...","timestamp":"2022-10-19T11:16:34.817Z"}
{"level":"info","message":"Connected to mongodb://127.0.0.1...","timestamp":"2022-10-19T11:16:34.829Z"}
{"level":"info","message":"Listening on port 3900...","timestamp":"2022-10-19T11:17:35.941Z"}
{"level":"info","message":"Connected to mongodb://127.0.0.1...","timestamp":"2022-10-19T11:17:35.954Z"}
{"message":"Illegal callback: undefined","stack":"Error: Illegal callback: undefined\n    at bcrypt.genSalt (/Users/alex/Documents/Обучение/Програмни/Курсове/CodeWithMosh/ReactJS/final project/vidly-api-node/node_modules/bcryptjs/dist/bcrypt.js:737:19)\n    at /Users/alex/Documents/Обучение/Програмни/Курсове/CodeWithMosh/ReactJS/final project/vidly-api-node/routes/users.js:21:31","level":"error","timestamp":"2022-10-19T11:17:49.977Z"}
{"message":"Illegal callback: undefined","stack":"Error: Illegal callback: undefined\n    at bcrypt.genSalt (/Users/alex/Documents/Обучение/Програмни/Курсове/CodeWithMosh/ReactJS/final project/vidly-api-node/node_modules/bcryptjs/dist/bcrypt.js:737:19)\n    at /Users/alex/Documents/Обучение/Програмни/Курсове/CodeWithMosh/ReactJS/final project/vidly-api-node/routes/users.js:21:31","level":"error","timestamp":"2022-10-19T11:17:51.319Z"}
{"level":"info","message":"Listening on port 3900...","timestamp":"2022-10-19T11:18:06.968Z"}
{"level":"info","message":"Connected to mongodb://127.0.0.1...","timestamp":"2022-10-19T11:18:06.981Z"}
{"message":"Illegal callback: undefined","stack":"Error: Illegal callback: undefined\n    at bcrypt.genSalt (/Users/alex/Documents/Обучение/Програмни/Курсове/CodeWithMosh/ReactJS/final project/vidly-api-node/node_modules/bcryptjs/dist/bcrypt.js:737:19)\n    at /Users/alex/Documents/Обучение/Програмни/Курсове/CodeWithMosh/ReactJS/final project/vidly-api-node/routes/users.js:21:31","level":"error","timestamp":"2022-10-19T11:18:07.715Z"}
{"message":"Illegal callback: undefined","stack":"Error: Illegal callback: undefined\n    at bcrypt.genSalt (/Users/alex/Documents/Обучение/Програмни/Курсове/CodeWithMosh/ReactJS/final project/vidly-api-node/node_modules/bcryptjs/dist/bcrypt.js:737:19)\n    at /Users/alex/Documents/Обучение/Програмни/Курсове/CodeWithMosh/ReactJS/final project/vidly-api-node/routes/users.js:21:31","level":"error","timestamp":"2022-10-19T11:18:08.527Z"}
{"message":"Illegal callback: undefined","stack":"Error: Illegal callback: undefined\n    at bcrypt.genSalt (/Users/alex/Documents/Обучение/Програмни/Курсове/CodeWithMosh/ReactJS/final project/vidly-api-node/node_modules/bcryptjs/dist/bcrypt.js:737:19)\n    at /Users/alex/Documents/Обучение/Програмни/Курсове/CodeWithMosh/ReactJS/final project/vidly-api-node/routes/users.js:21:31","level":"error","timestamp":"2022-10-19T11:18:08.973Z"}
{"level":"info","message":"Listening on port 3900...","timestamp":"2022-10-19T11:18:12.686Z"}
{"level":"info","message":"Connected to mongodb://127.0.0.1...","timestamp":"2022-10-19T11:18:12.699Z"}
{"level":"info","message":"Listening on port 3900...","timestamp":"2022-10-19T11:18:13.586Z"}
{"level":"info","message":"Connected to mongodb://127.0.0.1...","timestamp":"2022-10-19T11:18:13.599Z"}
{"message":"Illegal callback: undefined","stack":"Error: Illegal callback: undefined\n    at bcrypt.genSalt (/Users/alex/Documents/Обучение/Програмни/Курсове/CodeWithMosh/ReactJS/final project/vidly-api-node/node_modules/bcryptjs/dist/bcrypt.js:737:19)\n    at /Users/alex/Documents/Обучение/Програмни/Курсове/CodeWithMosh/ReactJS/final project/vidly-api-node/routes/users.js:22:31","level":"error","timestamp":"2022-10-19T11:18:14.064Z"}
{"level":"info","message":"Listening on port 3900...","timestamp":"2022-10-19T11:18:21.269Z"}
{"level":"info","message":"Connected to mongodb://127.0.0.1...","timestamp":"2022-10-19T11:18:21.283Z"}
{"message":"Illegal callback: undefined","stack":"Error: Illegal callback: undefined\n    at bcrypt.genSalt (/Users/alex/Documents/Обучение/Програмни/Курсове/CodeWithMosh/ReactJS/final project/vidly-api-node/node_modules/bcryptjs/dist/bcrypt.js:737:19)\n    at /Users/alex/Documents/Обучение/Програмни/Курсове/CodeWithMosh/ReactJS/final project/vidly-api-node/routes/users.js:21:31","level":"error","timestamp":"2022-10-19T11:18:21.611Z"}
{"message":"Illegal callback: undefined","stack":"Error: Illegal callback: undefined\n    at bcrypt.genSalt (/Users/alex/Documents/Обучение/Програмни/Курсове/CodeWithMosh/ReactJS/final project/vidly-api-node/node_modules/bcryptjs/dist/bcrypt.js:737:19)\n    at /Users/alex/Documents/Обучение/Програмни/Курсове/CodeWithMosh/ReactJS/final project/vidly-api-node/routes/users.js:21:31","level":"error","timestamp":"2022-10-19T11:18:22.435Z"}
{"level":"info","message":"Listening on port 3900...","timestamp":"2022-10-19T11:18:27.565Z"}
{"level":"info","message":"Connected to mongodb://127.0.0.1...","timestamp":"2022-10-19T11:18:27.578Z"}
{"message":"Illegal callback: undefined","stack":"Error: Illegal callback: undefined\n    at bcrypt.hash (/Users/alex/Documents/Обучение/Програмни/Курсове/CodeWithMosh/ReactJS/final project/vidly-api-node/node_modules/bcryptjs/dist/bcrypt.js:779:19)\n    at /Users/alex/Documents/Обучение/Програмни/Курсове/CodeWithMosh/ReactJS/final project/vidly-api-node/routes/users.js:23:34","level":"error","timestamp":"2022-10-19T11:18:28.280Z"}
{"level":"info","message":"Listening on port 3900...","timestamp":"2022-10-19T11:18:34.188Z"}
{"level":"info","message":"Connected to mongodb://127.0.0.1...","timestamp":"2022-10-19T11:18:34.200Z"}
{"message":"Illegal callback: undefined","stack":"Error: Illegal callback: undefined\n    at bcrypt.hash (/Users/alex/Documents/Обучение/Програмни/Курсове/CodeWithMosh/ReactJS/final project/vidly-api-node/node_modules/bcryptjs/dist/bcrypt.js:779:19)\n    at /Users/alex/Documents/Обучение/Програмни/Курсове/CodeWithMosh/ReactJS/final project/vidly-api-node/routes/users.js:23:34","level":"error","timestamp":"2022-10-19T11:18:34.895Z"}
{"message":"Illegal callback: undefined","stack":"Error: Illegal callback: undefined\n    at bcrypt.hash (/Users/alex/Documents/Обучение/Програмни/Курсове/CodeWithMosh/ReactJS/final project/vidly-api-node/node_modules/bcryptjs/dist/bcrypt.js:779:19)\n    at /Users/alex/Documents/Обучение/Програмни/Курсове/CodeWithMosh/ReactJS/final project/vidly-api-node/routes/users.js:23:34","level":"error","timestamp":"2022-10-19T11:18:36.094Z"}
{"message":"Illegal callback: undefined","stack":"Error: Illegal callback: undefined\n    at bcrypt.hash (/Users/alex/Documents/Обучение/Програмни/Курсове/CodeWithMosh/ReactJS/final project/vidly-api-node/node_modules/bcryptjs/dist/bcrypt.js:779:19)\n    at /Users/alex/Documents/Обучение/Програмни/Курсове/CodeWithMosh/ReactJS/final project/vidly-api-node/routes/users.js:23:34","level":"error","timestamp":"2022-10-19T11:18:37.197Z"}
{"message":"Illegal callback: undefined","stack":"Error: Illegal callback: undefined\n    at bcrypt.hash (/Users/alex/Documents/Обучение/Програмни/Курсове/CodeWithMosh/ReactJS/final project/vidly-api-node/node_modules/bcryptjs/dist/bcrypt.js:779:19)\n    at /Users/alex/Documents/Обучение/Програмни/Курсове/CodeWithMosh/ReactJS/final project/vidly-api-node/routes/users.js:23:34","level":"error","timestamp":"2022-10-19T11:18:38.194Z"}
{"message":"Illegal callback: undefined","stack":"Error: Illegal callback: undefined\n    at bcrypt.hash (/Users/alex/Documents/Обучение/Програмни/Курсове/CodeWithMosh/ReactJS/final project/vidly-api-node/node_modules/bcryptjs/dist/bcrypt.js:779:19)\n    at /Users/alex/Documents/Обучение/Програмни/Курсове/CodeWithMosh/ReactJS/final project/vidly-api-node/routes/users.js:23:34","level":"error","timestamp":"2022-10-19T11:18:40.630Z"}
{"message":"Illegal callback: undefined","stack":"Error: Illegal callback: undefined\n    at bcrypt.hash (/Users/alex/Documents/Обучение/Програмни/Курсове/CodeWithMosh/ReactJS/final project/vidly-api-node/node_modules/bcryptjs/dist/bcrypt.js:779:19)\n    at /Users/alex/Documents/Обучение/Програмни/Курсове/CodeWithMosh/ReactJS/final project/vidly-api-node/routes/users.js:23:34","level":"error","timestamp":"2022-10-19T11:18:42.516Z"}
{"message":"Illegal callback: undefined","stack":"Error: Illegal callback: undefined\n    at bcrypt.hash (/Users/alex/Documents/Обучение/Програмни/Курсове/CodeWithMosh/ReactJS/final project/vidly-api-node/node_modules/bcryptjs/dist/bcrypt.js:779:19)\n    at /Users/alex/Documents/Обучение/Програмни/Курсове/CodeWithMosh/ReactJS/final project/vidly-api-node/routes/users.js:23:34","level":"error","timestamp":"2022-10-19T11:18:44.101Z"}
{"message":"Illegal callback: undefined","stack":"Error: Illegal callback: undefined\n    at bcrypt.hash (/Users/alex/Documents/Обучение/Програмни/Курсове/CodeWithMosh/ReactJS/final project/vidly-api-node/node_modules/bcryptjs/dist/bcrypt.js:779:19)\n    at /Users/alex/Documents/Обучение/Програмни/Курсове/CodeWithMosh/ReactJS/final project/vidly-api-node/routes/users.js:23:34","level":"error","timestamp":"2022-10-19T11:20:01.970Z"}
{"level":"info","message":"Listening on port 3900...","timestamp":"2022-10-19T11:20:22.438Z"}
{"level":"info","message":"Connected to mongodb://127.0.0.1...","timestamp":"2022-10-19T11:20:22.451Z"}
{"level":"info","message":"Listening on port 3900...","timestamp":"2022-10-19T11:20:29.525Z"}
{"level":"info","message":"Connected to mongodb://127.0.0.1...","timestamp":"2022-10-19T11:20:29.539Z"}
{"message":"Cannot set headers after they are sent to the client","stack":"Error [ERR_HTTP_HEADERS_SENT]: Cannot set headers after they are sent to the client\n    at new NodeError (node:internal/errors:393:5)\n    at ServerResponse.setHeader (node:_http_outgoing:644:11)\n    at ServerResponse.header (/Users/alex/Documents/Обучение/Програмни/Курсове/CodeWithMosh/ReactJS/final project/vidly-api-node/node_modules/express/lib/response.js:794:10)\n    at /Users/alex/Documents/Обучение/Програмни/Курсове/CodeWithMosh/ReactJS/final project/vidly-api-node/routes/users.js:28:6","code":"ERR_HTTP_HEADERS_SENT","level":"error","timestamp":"2022-10-19T11:20:30.768Z"}
{"level":"info","message":"Listening on port 3900...","timestamp":"2022-10-19T11:20:43.886Z"}
{"level":"info","message":"Connected to mongodb://127.0.0.1...","timestamp":"2022-10-19T11:20:43.899Z"}
{"level":"info","message":"Listening on port 3900...","timestamp":"2022-10-19T11:21:08.917Z"}
{"level":"info","message":"Connected to mongodb://127.0.0.1...","timestamp":"2022-10-19T11:21:08.929Z"}
{"level":"info","message":"Listening on port 3900...","timestamp":"2022-10-19T11:21:40.443Z"}
{"level":"info","message":"Connected to mongodb://127.0.0.1...","timestamp":"2022-10-19T11:21:40.456Z"}
